\BOOKMARK [0][-]{chapter.1}{はじめに}{}% 1
\BOOKMARK [1][-]{section.1.1}{受講にあたって}{chapter.1}% 2
\BOOKMARK [0][-]{chapter.2}{ストップウォッチについて}{}% 3
\BOOKMARK [1][-]{section.2.1}{実装目標}{chapter.2}% 4
\BOOKMARK [0][-]{chapter.3}{FPGA について}{}% 5
\BOOKMARK [1][-]{section.3.1}{HDL}{chapter.3}% 6
\BOOKMARK [1][-]{section.3.2}{VerilogHDL と VHDL}{chapter.3}% 7
\BOOKMARK [1][-]{section.3.3}{高位合成}{chapter.3}% 8
\BOOKMARK [0][-]{chapter.4}{VHDL}{}% 9
\BOOKMARK [1][-]{section.4.1}{基本形}{chapter.4}% 10
\BOOKMARK [2][-]{subsection.4.1.1}{解説}{section.4.1}% 11
\BOOKMARK [3][-]{subsubsection.4.1.1.1}{entity とその周辺}{subsection.4.1.1}% 12
\BOOKMARK [2][-]{subsection.4.1.2}{ファイルとの関係}{section.4.1}% 13
\BOOKMARK [1][-]{section.4.2}{信号の種類}{chapter.4}% 14
\BOOKMARK [2][-]{subsection.4.2.1}{std\137logic}{section.4.2}% 15
\BOOKMARK [2][-]{subsection.4.2.2}{std\137logic\137vector}{section.4.2}% 16
\BOOKMARK [2][-]{subsection.4.2.3}{integer}{section.4.2}% 17
\BOOKMARK [1][-]{section.4.3}{ポート宣言}{chapter.4}% 18
\BOOKMARK [1][-]{section.4.4}{シグナル宣言}{chapter.4}% 19
\BOOKMARK [1][-]{section.4.5}{値の代入}{chapter.4}% 20
\BOOKMARK [1][-]{section.4.6}{もう一つの信号 variable と代入}{chapter.4}% 21
\BOOKMARK [0][-]{chapter.5}{演習}{}% 22
\BOOKMARK [1][-]{section.5.1}{注意事項}{chapter.5}% 23
\BOOKMARK [1][-]{section.5.2}{論理演算}{chapter.5}% 24
\BOOKMARK [2][-]{subsection.5.2.1}{演習}{section.5.2}% 25
\BOOKMARK [1][-]{section.5.3}{数値演算}{chapter.5}% 26
\BOOKMARK [2][-]{subsection.5.3.1}{演習}{section.5.3}% 27
\BOOKMARK [1][-]{section.5.4}{条件分岐 when 〜 else 〜}{chapter.5}% 28
\BOOKMARK [2][-]{subsection.5.4.1}{演習}{section.5.4}% 29
\BOOKMARK [1][-]{section.5.5}{条件分岐 with 〜 select 〜 when 〜}{chapter.5}% 30
\BOOKMARK [2][-]{subsection.5.5.1}{演習}{section.5.5}% 31
\BOOKMARK [1][-]{section.5.6}{process 文}{chapter.5}% 32
\BOOKMARK [1][-]{section.5.7}{フリップフロップの基本と if 文}{chapter.5}% 33
\BOOKMARK [2][-]{subsection.5.7.1}{シミュレーション}{section.5.7}% 34
\BOOKMARK [2][-]{subsection.5.7.2}{同期、非同期}{section.5.7}% 35
\BOOKMARK [2][-]{subsection.5.7.3}{if 文}{section.5.7}% 36
\BOOKMARK [2][-]{subsection.5.7.4}{マルチソース}{section.5.7}% 37
\BOOKMARK [2][-]{subsection.5.7.5}{process 文、if 文によるフリップフロップの記述のお約束}{section.5.7}% 38
\BOOKMARK [2][-]{subsection.5.7.6}{演習}{section.5.7}% 39
\BOOKMARK [2][-]{subsection.5.7.7}{課題}{section.5.7}% 40
\BOOKMARK [1][-]{section.5.8}{カウンタ}{chapter.5}% 41
\BOOKMARK [1][-]{section.5.9}{分周回路と T フリップフロップ}{chapter.5}% 42
\BOOKMARK [2][-]{subsection.5.9.1}{分周回路}{section.5.9}% 43
\BOOKMARK [2][-]{subsection.5.9.2}{課題}{section.5.9}% 44
\BOOKMARK [1][-]{section.5.10}{積分回路とチャタリング除去}{chapter.5}% 45
\BOOKMARK [2][-]{subsection.5.10.1}{シミュレーション}{section.5.10}% 46
\BOOKMARK [1][-]{section.5.11}{微分回路}{chapter.5}% 47
\BOOKMARK [2][-]{subsection.5.11.1}{演習}{section.5.11}% 48
\BOOKMARK [1][-]{section.5.12}{１０進カウンタ}{chapter.5}% 49
\BOOKMARK [2][-]{subsection.5.12.1}{課題}{section.5.12}% 50
\BOOKMARK [1][-]{section.5.13}{階層設計}{chapter.5}% 51
\BOOKMARK [2][-]{subsection.5.13.1}{演習}{section.5.13}% 52
\BOOKMARK [2][-]{subsection.5.13.2}{シミュレーション \046 演習}{section.5.13}% 53
\BOOKMARK [1][-]{section.5.14}{状態遷移と、条件分岐 case 〜 when 〜}{chapter.5}% 54
\BOOKMARK [1][-]{section.5.15}{条件分岐 case 〜 when 〜}{chapter.5}% 55
\BOOKMARK [2][-]{subsection.5.15.1}{演習}{section.5.15}% 56
\BOOKMARK [1][-]{section.5.16}{ストップウォッチ}{chapter.5}% 57
\BOOKMARK [2][-]{subsection.5.16.1}{課題：最小限の構成}{section.5.16}% 58
\BOOKMARK [3][-]{subsubsection.5.16.1.1}{ヒント}{subsection.5.16.1}% 59
\BOOKMARK [2][-]{subsection.5.16.2}{課題：応用}{section.5.16}% 60
\BOOKMARK [3][-]{subsubsection.5.16.2.1}{ヒント}{subsection.5.16.2}% 61
\BOOKMARK [2][-]{subsection.5.16.3}{その他課題}{section.5.16}% 62
\BOOKMARK [0][-]{chapter.6}{付録}{}% 63
\BOOKMARK [1][-]{section.6.1}{参考情報}{chapter.6}% 64
